"../../../Engine/Content/Functions/Engine_MaterialFunctions01/Opacity/CameraDepthFade.uasset" 0
"../../../Engine/Content/EngineMaterials/T_Default_Material_Grid_M.uasset" 1
"../../../Engine/Content/EngineMaterials/T_Default_Material_Grid_N.uasset" 2
"../../../Engine/Content/EngineMaterials/WorldGridMaterial.uasset" 3
"../../../Engine/Content/BasicShapes/Plane.uasset" 4
"../../../Engine/Content/EditorLandscapeResources/DataLayer.uasset" 5
"../../../Engine/Content/EditorMaterials/GizmoMaterial.uasset" 6
"../../../Engine/Content/EditorMaterials/MAT_Groups_Toggle.uasset" 7
"../../../Engine/Content/EditorMaterials/MAT_Groups_Visibility.uasset" 8
"../../../Engine/Content/EditorMaterials/PreviewShadowIndicator.uasset" 9
"../../../Engine/Content/EditorMaterials/PreviewShadowIndicatorMaterial.uasset" 10
"../../../Engine/Content/EditorMaterials/AssetViewer/EpicQuadPanorama_CC+EV1.uasset" 11
"../../../Engine/Content/EditorMaterials/MatineeGroups/MAT_ColorTrack.uasset" 12
"../../../Engine/Content/EditorMaterials/MatineeGroups/MAT_Groups_Anim.uasset" 13
"../../../Engine/Content/EditorMaterials/MatineeGroups/MAT_Groups_AudioMaster.uasset" 14
"../../../Engine/Content/EditorMaterials/MatineeGroups/MAT_Groups_Director.uasset" 15
"../../../Engine/Content/EditorMaterials/MatineeGroups/MAT_Groups_Event.uasset" 16
"../../../Engine/Content/EditorMaterials/MatineeGroups/MAT_Groups_Fade.uasset" 17
"../../../Engine/Content/EditorMaterials/MatineeGroups/MAT_Groups_Float.uasset" 18
"../../../Engine/Content/EditorMaterials/MatineeGroups/MAT_Groups_Move.uasset" 19
"../../../Engine/Content/EditorMaterials/MatineeGroups/MAT_Groups_Slomo.uasset" 20
"../../../Engine/Content/EditorMaterials/MatineeGroups/MAT_Groups_Sound.uasset" 21
"../../../Engine/Content/EditorMaterials/MatineeGroups/MAT_Groups_Vector.uasset" 22
"../../../Engine/Content/EditorMaterials/ParticleSystems/PSysThumbnail_NoImage.uasset" 23
"../../../Engine/Content/EditorMaterials/ParticleSystems/PSysThumbnail_OOD.uasset" 24
"../../../Engine/Content/EditorMaterials/Camera/CineMat.uasset" 25
"../../../Engine/Content/EditorMaterials/Camera/MI_CineMat_Rig.uasset" 26
"../../../Engine/Content/EditorMeshes/Camera/SM_CraneRig_Arm.uasset" 27
"../../../Engine/Content/EditorMeshes/Camera/SM_CraneRig_Base.uasset" 28
"../../../Engine/Content/EditorMeshes/Camera/SM_CraneRig_Body.uasset" 29
"../../../Engine/Content/EditorMeshes/Camera/SM_CraneRig_Mount.uasset" 30
"../../../Engine/Content/EditorMeshes/Camera/SM_RailRig_Mount.uasset" 31
"../../../Engine/Content/EditorMeshes/Camera/SM_RailRig_Track.uasset" 32
"../../../Engine/Content/EditorResources/BSPVertex.uasset" 33
"../../../Engine/Content/EditorResources/EmptyActor.uasset" 34
"../../../Engine/Content/EditorResources/RGBTable16x1_AssetViewer.uasset" 35
"../../../Engine/Content/EditorResources/S_Actor.uasset" 36
"../../../Engine/Content/EditorResources/S_Trigger.uasset" 37
"../../../Engine/Content/EditorResources/LightIcons/S_LightError.uasset" 38
"../../../Engine/Content/EditorResources/SequenceRecorder/Countdown.uasset" 39
"../../../Engine/Content/EditorResources/SequenceRecorder/RecordingIndicator.uasset" 40
"../../../Engine/Content/EditorSounds/Notifications/CompileFailed.uasset" 41
"../../../Engine/Content/EditorSounds/Notifications/CompileFailed_Cue.uasset" 42
"../../../Engine/Content/EditorSounds/Notifications/CompileSuccess.uasset" 43
"../../../Engine/Content/EditorSounds/Notifications/CompileStart_Cue.uasset" 44
"../../../Engine/Content/EditorSounds/Notifications/CompileSuccess_Cue.uasset" 45
"../../../Engine/Content/EngineDamageTypes/DmgTypeBP_Environmental.uasset" 46
"../../../Engine/Content/EngineDebugMaterials/HeatmapGradient.uasset" 47
"../../../Engine/Content/EngineDebugMaterials/BoneWeightMaterial.uasset" 48
"../../../Engine/Content/EngineDebugMaterials/DebugMeshMaterial.uasset" 49
"../../../Engine/Content/EngineDebugMaterials/GeomMaterial.uasset" 50
"../../../Engine/Content/EngineFonts/Faces/RobotoBold.uasset" 51
"../../../Engine/Content/EngineFonts/Faces/RobotoBoldItalic.uasset" 52
"../../../Engine/Content/EngineFonts/Faces/RobotoItalic.uasset" 53
"../../../Engine/Content/EngineFonts/Faces/RobotoLight.uasset" 54
"../../../Engine/Content/EngineFonts/Faces/RobotoRegular.uasset" 55
"../../../Engine/Content/EngineFonts/Roboto.uasset" 56
"../../../Engine/Content/EngineFonts/Faces/RobotoTiny.uasset" 57
"../../../Engine/Content/EngineFonts/RobotoTiny.uasset" 58
"../../../Engine/Content/EngineMaterials/DefaultBokeh.uasset" 59
"../../../Engine/Content/EngineMaterials/DefaultDiffuse.uasset" 60
"../../../Engine/Content/EngineMaterials/DefaultDeferredDecalMaterial.uasset" 61
"../../../Engine/Content/EngineMaterials/DefaultLightFunctionMaterial.uasset" 62
"../../../Engine/Content/Functions/Engine_MaterialFunctions02/Utility/BreakOutFloat2Components.uasset" 63
"../../../Engine/Content/EngineMaterials/DefaultPostProcessMaterial.uasset" 64
"../../../Engine/Content/EngineFonts/RobotoDistanceField.uasset" 65
"../../../Engine/Content/EngineMaterials/DefaultTextMaterialOpaque.uasset" 66
"../../../Engine/Content/EngineMaterials/DefaultWhiteGrid.uasset" 67
"../../../Engine/Content/EngineMaterials/EditorBrushMaterial.uasset" 68
"../../../Engine/Content/EngineMaterials/Good64x64TilingNoiseHighFreq.uasset" 69
"../../../Engine/Content/EngineMaterials/MiniFont.uasset" 70
"../../../Engine/Content/EngineMaterials/InvalidLightmapSettings.uasset" 71
"../../../Engine/Content/EngineMaterials/M_InvalidLightmapSettings.uasset" 72
"../../../Engine/Content/EngineMaterials/PhAT_JointLimitMaterial.uasset" 73
"../../../Engine/Content/EngineMaterials/PreintegratedSkinBRDF.uasset" 74
"../../../Engine/Content/EngineMaterials/RemoveSurfaceMaterial.uasset" 75
"../../../Engine/Content/EngineMaterials/WeightMapPlaceholderTexture.uasset" 76
"../../../Engine/Content/EngineResources/WhiteSquareTexture.uasset" 77
"../../../Engine/Content/EngineMaterials/Widget3DPassThrough.uasset" 78
"../../../Engine/Content/EngineMaterials/Widget3DPassThrough_Masked.uasset" 79
"../../../Engine/Content/EngineMaterials/Widget3DPassThrough_Opaque.uasset" 80
"../../../Engine/Content/EngineMaterials/Widget3DPassThrough_Masked_OneSided.uasset" 81
"../../../Engine/Content/EngineMaterials/Widget3DPassThrough_Opaque_OneSided.uasset" 82
"../../../Engine/Content/EngineMaterials/Widget3DPassThrough_Translucent.uasset" 83
"../../../Engine/Content/EngineMaterials/Widget3DPassThrough_Translucent_OneSided.uasset" 84
"../../../Engine/Content/EngineMaterials/DefaultMaterial.uasset" 85
"../../../Engine/Content/EngineMeshes/Cube.uasset" 86
"../../../Engine/Content/EngineMeshes/Cylinder.uasset" 87
"../../../Engine/Content/EngineMeshes/Sphere.uasset" 88
"../../../Engine/Content/EngineResources/Black.uasset" 89
"../../../Engine/Content/EngineResources/DefaultTexture.uasset" 90
"../../../Engine/Content/EngineResources/DefaultTextureCube.uasset" 91
"../../../Engine/Content/EngineResources/GradientTexture0.uasset" 92
"../../../Engine/Content/EngineSounds/Master.uasset" 93
"../../../Engine/Content/Functions/Engine_MaterialFunctions01/Shading/ConvertFromDiffSpec.uasset" 94
"../../../Engine/Content/Functions/Engine_MaterialFunctions01/Shading/PowerToRoughness.uasset" 95
"../../../Engine/Content/Maps/Templates/Thumbnails/Default.uasset" 96
"../../../Engine/Content/Maps/Templates/Thumbnails/VR-Basic.uasset" 97
"../../../Engine/Content/MobileResources/T_MobileControls_texture.uasset" 98
"../../../Engine/Content/MobileResources/T_MobileMenu2.uasset" 99
"../../../Engine/Content/MobileResources/HUD/AnalogHat.uasset" 100
"../../../Engine/Content/MobileResources/HUD/VirtualJoystick_Background.uasset" 101
"../../../Engine/Content/MobileResources/HUD/VirtualJoystick_Thumb.uasset" 102
"../../../Engine/Content/MobileResources/HUD/DefaultVirtualJoysticks.uasset" 103
"../../../Engine/Content/MobileResources/HUD/LeftVirtualJoystickOnly.uasset" 104
"../../../Engine/Content/MobileResources/HUD/MobileHUDButton1_off.uasset" 105
"../../../Engine/Content/MobileResources/HUD/MobileHUDButton1_on.uasset" 106
"../../../Engine/Content/MobileResources/HUD/MobileHUDButton2_off.uasset" 107
"../../../Engine/Content/MobileResources/HUD/MobileHUDButton2_on.uasset" 108
"../../../Engine/Content/MobileResources/HUD/MobileHUDButton3.uasset" 109
"../../../Engine/Content/MobileResources/HUD/MobileHUDButtonFire.uasset" 110
"../../../Engine/Content/MobileResources/HUD/MobileHUDDirectionPad.uasset" 111
"../../../Engine/Content/MobileResources/HUD/MobileHUDDirectionPad2.uasset" 112
"../../../Engine/Content/MobileResources/HUD/MobileHUDDirectionPad3.uasset" 113
"../../../Engine/Content/MobileResources/HUD/MobileHUDDirectionStick.uasset" 114
"../../../Engine/Content/MobileResources/HUD/T_Castle_ThumbstickInner.uasset" 115
"../../../Engine/Content/MobileResources/HUD/T_Castle_ThumbstickOutter.uasset" 116
"../../../Engine/Content/Tutorial/ContentIntroCurve.uasset" 117
"../../../Engine/Content/Tutorial/Basics/TutorialAssets/icon_tab_Levels_40x.uasset" 118
"../../../Engine/Content/Tutorial/BlueprintTutorials/TutorialAssets/BlueprintInterface_64x.uasset" 119
"../../../Engine/Content/Tutorial/BlueprintTutorials/TutorialAssets/BlueprintMacroLibrary_64x.uasset" 120
"../../../Engine/Content/Tutorial/BlueprintTutorials/TutorialAssets/Blueprint_64x.uasset" 121
"../../../Engine/Content/Tutorial/BlueprintTutorials/TutorialAssets/Tutorial_BP_Interface.uasset" 122
"../../../Engine/Content/Tutorial/Foliage/TutorialAssets/Foliage.uasset" 123
"../../../Engine/Content/Tutorial/Landscape/TutorialAssets/Landscape.uasset" 124
"../../../Engine/Content/Tutorial/Paper2D/TutorialAssets/Paper2DFlipbook_TutorialIcon.uasset" 125
"../../../Engine/Content/Tutorial/Paper2D/TutorialAssets/Paper2DSprite_TutorialIcon.uasset" 126
"../../../Engine/Content/Tutorial/SubEditors/TutorialAssets/icon_Editor_Preferences_General_40x.uasset" 127
"../../../Engine/Content/Tutorial/SubEditors/TutorialAssets/icon_ShowSkeletalMeshes_40x.uasset" 128
"../../../Engine/Content/Tutorial/SubEditors/TutorialAssets/TutorialMaterial.uasset" 129
"../../../Engine/Content/Tutorial/SubEditors/TutorialAssets/T_SmokeSubUV_8X8.uasset" 130
"../../../Engine/Content/Tutorial/SubEditors/TutorialAssets/T_soft_smoke.uasset" 131
"../../../Engine/Content/Tutorial/SubEditors/TutorialAssets/M_smoke_subUV_blackbody.uasset" 132
"../../../Engine/Content/Tutorial/SubEditors/TutorialAssets/TutorialParticleSystem.uasset" 133
"../../../Engine/Content/EditorMeshes/EditorCube.uasset" 134
"../../../Engine/Content/Tutorial/SubEditors/TutorialAssets/Tutorial_DM.uasset" 135
"../../../Engine/Content/VREditor/Devices/Generic/GenericHMDMaterial.uasset" 136
"../../../Engine/Content/VREditor/Devices/Generic/GenericHMD.uasset" 137
"../../../Engine/Content/VREditor/FloatingText/LineMaterial.uasset" 138
"../../../Engine/Content/VREditor/FloatingText/JointSphere.uasset" 139
"../../../Engine/Content/VREditor/FloatingText/LineSegmentCylinder.uasset" 140
"../../../Engine/Content/VREditor/Fonts/VRText_RobotoLarge.uasset" 141
"../../../Engine/Content/VREditor/Fonts/VRTextMaterial.uasset" 142
"../../../Engine/Content/VREditor/Fonts/TranslucentVRTextMaterial.uasset" 143
"../../../Engine/Content/VREditor/LaserPointer/VR_LaserPower_01.uasset" 144
"../../../Engine/Content/VREditor/LaserPointer/LaserPointerMaterial.uasset" 145
"../../../Engine/Content/VREditor/LaserPointer/LaserPointerMaterialInst.uasset" 146
"../../../Engine/Content/VREditor/LaserPointer/TranslucentLaserPointerMaterialInst.uasset" 147
"../../../Engine/Content/VREditor/LaserPointer/LaserPointerMesh.uasset" 148
"../../../Engine/Content/VREditor/Sounds/VR_grab_Cue.uasset" 149
"../../../Engine/Content/VREditor/Sounds/VR_teleport_Cue.uasset" 150
"../../../Engine/Content/VREditor/TransformGizmo/TransformGizmoMaterial.uasset" 151
"../../../Engine/Content/VREditor/TransformGizmo/TranslucentTransformGizmoMaterial.uasset" 152
"../../../Engine/Content/VREditor/TransformGizmo/BoundingBoxCorner.uasset" 153
"../../../Engine/Content/VREditor/TransformGizmo/BoundingBoxEdge.uasset" 154
"../../../Engine/Content/VREditor/TransformGizmo/PlaneTranslationHandle.uasset" 155
"../../../Engine/Content/VREditor/TransformGizmo/RotationHandle.uasset" 156
"../../../Engine/Content/VREditor/TransformGizmo/RotationHandleFull.uasset" 157
"../../../Engine/Content/VREditor/TransformGizmo/StretchingHandle.uasset" 158
"../../../Engine/Content/VREditor/TransformGizmo/TranslateHandleLong.uasset" 159
"../../../Engine/Content/VREditor/TransformGizmo/TranslationHandle.uasset" 160
"../../../Engine/Content/VREditor/TransformGizmo/UniformScaleHandle.uasset" 161
"../../../Engine/Content/VREditor/UI/CloseButtonMesh.uasset" 162
"../../../Engine/Content/VREditor/UI/SelectionBarMesh.uasset" 163
"../../../Engine/Content/Functions/Engine_MaterialFunctions01/Gradient/RadialGradient.uasset" 164
"../../../Engine/Content/VREditor/WorldMovementGrid/SimpleGrid.uasset" 165
"../../../Engine/Content/VREditor/WorldMovementGrid/GridMaterial.uasset" 166
"../../../Engine/Content/Functions/Engine_MaterialFunctions01/Density/ExponentialDensity.uasset" 167
"../../../Engine/Content/VREditor/WorldMovementGrid/GridPostProcess.uasset" 168
"../../../Engine/Content/EditorLandscapeResources/FlattenHeightMat.uasset" 169
"../../../Engine/Content/VREditor/WorldMovementGrid/PlaneMesh.uasset" 170
"../../../Shooter/Content/BlackTargetMaterial.uasset" 171
"../../../Shooter/Content/lookplayer.uasset" 172
"../../../Shooter/Content/startGame-level_BuiltData.uasset" 173
"../../../Shooter/Content/blueprints/Decoration/Shootingrange_field.uasset" 174
"../../../Engine/Content/EditorLandscapeResources/WhiteSquareTexture.uasset" 175
"../../../Shooter/Content/FirstPerson/Audio/maa.uasset" 176
"../../../Shooter/Content/FirstPerson/Audio/maa_Mat.uasset" 177
"../../../Shooter/Content/FirstPerson/Audio/NewBlueprint.uasset" 178
"../../../Shooter/Content/FirstPerson/Audio/NewMaterial.uasset" 179
"../../../Shooter/Content/FirstPerson/Audio/play.uasset" 180
"../../../Shooter/Content/FirstPerson/Audio/teksti.uasset" 181
"../../../Shooter/Content/FirstPerson/Character/Textures/UE4_LOGO_CARD.uasset" 182
"../../../Shooter/Content/FirstPerson/FPWeapon/Materials/MaterialLayers/ML_Plastic_Shiny_Beige_LOGO.uasset" 183
"../../../Shooter/Content/FirstPerson/FPWeapon/Materials/MaterialLayers/T_ML_FineRubber.uasset" 184
"../../../Shooter/Content/FirstPerson/FPWeapon/Mesh/SK_FPGun_PhysicsAsset.uasset" 185
"../../../Shooter/Content/Geometry/Meshes/CubeMaterial.uasset" 186
"../../../Shooter/Content/Geometry/Meshes/1M_Cube_Chamfer.uasset" 187
"../../../Shooter/Content/models/ai/BTService_BlueprintBase_New.uasset" 188
"../../../Shooter/Content/models/enemy/state.uasset" 189
"../../../Shooter/Content/models/enemy/TestEnemy.uasset" 190
"../../../Shooter/Content/models/ai/enemyai.uasset" 191
"../../../Engine/Content/BasicShapes/BasicShapeMaterial.uasset" 192
"../../../Engine/Content/BasicShapes/Cylinder.uasset" 193
"../../../Shooter/Content/models/enemy/target.uasset" 194
"../../../Shooter/Content/models/enemy/BTService_BlueprintBase_New.uasset" 195
"../../../Shooter/Content/models/enemy/AiCharacter_Behaviourtree.uasset" 196
"../../../Shooter/Content/models/enemy/AiController.uasset" 197
"../../../Engine/Content/BasicShapes/Cube.uasset" 198
"../../../Shooter/Content/models/enemy/EnemyCharacter.uasset" 199
"../../../Shooter/Content/models/machiengun/static_machinegun_handle_Cube_000.uasset" 200
"../../../Shooter/Content/models/machiengun/static_machinegun_handle_Cube_001.uasset" 201
"../../../Shooter/Content/models/machiengun/static_machinegun_handle_Cube_002.uasset" 202
"../../../Shooter/Content/models/machiengun/static_machinegun_handle_Cube_003.uasset" 203
"../../../Shooter/Content/models/machiengun/static_machinegun.uasset" 204
"../../../Shooter/Content/models/playerCharacter/ukko3_Packed0_Diffuse.uasset" 205
"../../../Shooter/Content/models/playerCharacter/PackedMaterial0.uasset" 206
"../../../Shooter/Content/models/playerCharacter/ukko3_Beards_PhysicsAsset.uasset" 207
"../../../Shooter/Content/models/playerCharacter/ukko3_Beards_Skeleton.uasset" 208
"../../../Shooter/Content/models/playerCharacter/ukko3_Body_PhysicsAsset.uasset" 209
"../../../Shooter/Content/models/playerCharacter/ukko3_Body_Skeleton.uasset" 210
"../../../Shooter/Content/models/playerCharacter/ukko3_Bottoms_PhysicsAsset.uasset" 211
"../../../Shooter/Content/models/playerCharacter/ukko3_Bottoms_Skeleton.uasset" 212
"../../../Shooter/Content/models/playerCharacter/ukko3_default_PhysicsAsset.uasset" 213
"../../../Shooter/Content/models/playerCharacter/ukko3_default_Skeleton.uasset" 214
"../../../Shooter/Content/models/playerCharacter/ukko3_Eyelashes_PhysicsAsset.uasset" 215
"../../../Shooter/Content/models/playerCharacter/ukko3_Eyelashes_Skeleton.uasset" 216
"../../../Shooter/Content/models/playerCharacter/ukko3_Eyewear_PhysicsAsset.uasset" 217
"../../../Shooter/Content/models/playerCharacter/ukko3_Eyewear_Skeleton.uasset" 218
"../../../Shooter/Content/models/playerCharacter/ukko3_Gloves_PhysicsAsset.uasset" 219
"../../../Shooter/Content/models/playerCharacter/ukko3_Gloves_Skeleton.uasset" 220
"../../../Shooter/Content/models/playerCharacter/ukko3_Hats_PhysicsAsset.uasset" 221
"../../../Shooter/Content/models/playerCharacter/ukko3_Hats_Skeleton.uasset" 222
"../../../Shooter/Content/models/playerCharacter/ukko3_Shoes_PhysicsAsset.uasset" 223
"../../../Shooter/Content/models/playerCharacter/ukko3_Shoes_Skeleton.uasset" 224
"../../../Shooter/Content/models/playerCharacter/ukko3_Tops_PhysicsAsset.uasset" 225
"../../../Shooter/Content/models/playerCharacter/ukko3_Tops_Skeleton.uasset" 226
"../../../Shooter/Content/models/playerCharacter/ukko3.uasset" 227
"../../../Shooter/Content/models/playerCharacter/eyeWear.uasset" 228
"../../../Shooter/Content/models/weapon/UE_Rifle_MP155K_BaseColor.uasset" 229
"../../../Shooter/Content/models/weapon/UE_Rifle_MP155K_Normal.uasset" 230
"../../../Shooter/Content/models/weapon/UE_Rifle_MP155K_OcclusionRoughnessMetallic.uasset" 231
"../../../Shooter/Content/models/weapon/Rifle_MP155KMat.uasset" 232
"../../../Shooter/Content/models/weapon/BoltCarrierMat.uasset" 233
"../../../Shooter/Content/models/weapon/MagazineMat.uasset" 234
"../../../Shooter/Content/models/weapon/TriggerMat.uasset" 235
"../../../Shooter/Content/models/weapon/Rifle_MP155K_BoltCarrier_Skeleton.uasset" 236
"../../../Shooter/Content/models/weapon/Rifle_MP155K_Magazine_Skeleton.uasset" 237
"../../../Shooter/Content/models/weapon/Rifle_MP155K_Rifle_MP155K_Skeleton.uasset" 238
"../../../Shooter/Content/models/weapon/Rifle_MP155K_Trigger_Skeleton.uasset" 239
"../../../Shooter/Content/models/weapon/Rifle_MP155K.uasset" 240
"../../../Shooter/Content/models/playerCharacter/weapon.uasset" 241
"../../../Shooter/Content/models/staticDecoration/StartPoint.uasset" 242
"../../../Shooter/Content/models/staticDecoration/tutoriallevel_main.uasset" 243
"../../../Engine/Content/EngineMaterials/OrientParticle.uasset" 244
"../../../Engine/Content/EngineMaterials/DefaultParticle.uasset" 245
"../../../Shooter/Content/particles/Pistol.uasset" 246
"../../../Shooter/Content/StarterContent/Materials/M_Basic_Floor.uasset" 247
"../../../Shooter/Content/StarterContent/Architecture/Floor_400x400.uasset" 248
"../../../Shooter/Content/StarterContent/Materials/M_Basic_Wall.uasset" 249
"../../../Shooter/Content/StarterContent/Architecture/Pillar_50x500.uasset" 250
"../../../Shooter/Content/StarterContent/Architecture/Wall_400x200.uasset" 251
"../../../Shooter/Content/StarterContent/Architecture/Wall_400x300.uasset" 252
"../../../Shooter/Content/StarterContent/Architecture/Wall_400x400.uasset" 253
"../../../Shooter/Content/StarterContent/Architecture/Wall_500x500.uasset" 254
"../../../Shooter/Content/StarterContent/Architecture/Wall_Door_400x300.uasset" 255
"../../../Shooter/Content/StarterContent/Architecture/Wall_Door_400x400.uasset" 256
"../../../Shooter/Content/StarterContent/Architecture/Wall_Window_400x300.uasset" 257
"../../../Shooter/Content/StarterContent/Architecture/Wall_Window_400x400.uasset" 258
"../../../Shooter/Content/StarterContent/Audio/Collapse_Cue.uasset" 259
"../../../Shooter/Content/StarterContent/Audio/Light01_Cue.uasset" 260
"../../../Shooter/Content/StarterContent/Audio/Light02_Cue.uasset" 261
"../../../Shooter/Content/StarterContent/Audio/Starter_Background_Cue.uasset" 262
"../../../Shooter/Content/StarterContent/Audio/Starter_Music_Cue.uasset" 263
"../../../Shooter/Content/StarterContent/Textures/T_Lamp_M.uasset" 264
"../../../Shooter/Content/StarterContent/Textures/T_Lamp_N.uasset" 265
"../../../Shooter/Content/StarterContent/Props/Materials/M_Lamp.uasset" 266
"../../../Shooter/Content/StarterContent/Props/SM_Lamp_Ceiling.uasset" 267
"../../../Shooter/Content/StarterContent/Blueprints/Blueprint_CeilingLight.uasset" 268
"../../../Shooter/Content/StarterContent/Audio/Explosion_Cue.uasset" 269
"../../../Shooter/Content/StarterContent/Textures/T_Burst_M.uasset" 270
"../../../Shooter/Content/StarterContent/Particles/Materials/M_Burst.uasset" 271
"../../../Shooter/Content/StarterContent/Textures/T_Explosion_SubUV.uasset" 272
"../../../Shooter/Content/StarterContent/Particles/Materials/M_explosion_subUV.uasset" 273
"../../../Shooter/Content/StarterContent/Particles/Materials/m_flare_01.uasset" 274
"../../../Shooter/Content/StarterContent/Particles/Materials/M_radial_ramp.uasset" 275
"../../../Shooter/Content/StarterContent/Textures/T_Smoke_SubUV.uasset" 276
"../../../Shooter/Content/StarterContent/Textures/T_Smoke_Tiled_D.uasset" 277
"../../../Shooter/Content/StarterContent/Particles/Materials/M_smoke_subUV.uasset" 278
"../../../Shooter/Content/StarterContent/Particles/P_Explosion.uasset" 279
"../../../Shooter/Content/StarterContent/Blueprints/Blueprint_Effect_Explosion.uasset" 280
"../../../Shooter/Content/StarterContent/Audio/Fire01_Cue.uasset" 281
"../../../Shooter/Content/StarterContent/Textures/T_Fire_SubUV.uasset" 282
"../../../Shooter/Content/StarterContent/Textures/T_Fire_Tiled_D.uasset" 283
"../../../Shooter/Content/StarterContent/Particles/Materials/M_Fire_SubUV.uasset" 284
"../../../Shooter/Content/StarterContent/Textures/T_Water_N.uasset" 285
"../../../Shooter/Content/StarterContent/Particles/Materials/M_Heat_Distortion.uasset" 286
"../../../Shooter/Content/StarterContent/Particles/Materials/M_Radial_Gradient.uasset" 287
"../../../Shooter/Content/StarterContent/Particles/P_Fire.uasset" 288
"../../../Shooter/Content/StarterContent/Blueprints/Blueprint_Effect_Fire.uasset" 289
"../../../Shooter/Content/StarterContent/Audio/Smoke01_Cue.uasset" 290
"../../../Shooter/Content/StarterContent/Particles/P_Smoke.uasset" 291
"../../../Shooter/Content/StarterContent/Blueprints/Blueprint_Effect_Smoke.uasset" 292
"../../../Shooter/Content/StarterContent/Audio/Fire_Sparks01_Cue.uasset" 293
"../../../Shooter/Content/StarterContent/Textures/T_Spark_Core.uasset" 294
"../../../Shooter/Content/StarterContent/Particles/Materials/M_Spark.uasset" 295
"../../../Shooter/Content/StarterContent/Particles/P_Sparks.uasset" 296
"../../../Shooter/Content/StarterContent/Blueprints/Blueprint_Effect_Sparks.uasset" 297
"../../../Shooter/Content/StarterContent/Audio/Steam01_Cue.uasset" 298
"../../../Shooter/Content/StarterContent/Particles/P_Steam_Lit.uasset" 299
"../../../Shooter/Content/StarterContent/Blueprints/Blueprint_Effect_Steam.uasset" 300
"../../../Shooter/Content/StarterContent/Props/SM_Lamp_Wall.uasset" 301
"../../../Shooter/Content/StarterContent/Blueprints/Blueprint_WallSconce.uasset" 302
"../../../Shooter/Content/StarterContent/Textures/T_MacroVariation.uasset" 303
"../../../Shooter/Content/StarterContent/Materials/M_Brick_Clay_Beveled.uasset" 304
"../../../Shooter/Content/StarterContent/Textures/T_Detail_Rocky_N.uasset" 305
"../../../Shooter/Content/StarterContent/Materials/M_Brick_Clay_New.uasset" 306
"../../../Shooter/Content/StarterContent/Textures/T_Perlin_Noise_M.uasset" 307
"../../../Shooter/Content/StarterContent/Materials/M_Brick_Clay_Old.uasset" 308
"../../../Shooter/Content/StarterContent/Materials/M_Brick_Cut_Stone.uasset" 309
"../../../Shooter/Content/StarterContent/Materials/M_Brick_Hewn_Stone.uasset" 310
"../../../Shooter/Content/StarterContent/Textures/T_Ceramic_Tile_M.uasset" 311
"../../../Shooter/Content/StarterContent/Textures/T_Ceramic_Tile_N.uasset" 312
"../../../Shooter/Content/StarterContent/Textures/T_Rock_Marble_Polished_D.uasset" 313
"../../../Shooter/Content/StarterContent/Materials/M_Ceramic_Tile_Checker.uasset" 314
"../../../Shooter/Content/StarterContent/Textures/T_CobbleStone_Pebble_M.uasset" 315
"../../../Shooter/Content/StarterContent/Textures/T_CobbleStone_Pebble_N.uasset" 316
"../../../Shooter/Content/StarterContent/Materials/M_CobbleStone_Pebble.uasset" 317
"../../../Shooter/Content/StarterContent/Textures/T_CobbleStone_Rough_D.uasset" 318
"../../../Shooter/Content/StarterContent/Textures/T_CobbleStone_Rough_N.uasset" 319
"../../../Shooter/Content/StarterContent/Textures/T_Gradinet_01.uasset" 320
"../../../Shooter/Content/StarterContent/Textures/T_Rock_Smooth_Granite_D.uasset" 321
"../../../Shooter/Content/StarterContent/Materials/M_CobbleStone_Rough.uasset" 322
"../../../Shooter/Content/StarterContent/Textures/T_CobbleStone_Smooth_D.uasset" 323
"../../../Shooter/Content/StarterContent/Textures/T_CobbleStone_Smooth_M.uasset" 324
"../../../Shooter/Content/StarterContent/Textures/T_CobbleStone_Smooth_N.uasset" 325
"../../../Shooter/Content/StarterContent/Materials/M_CobbleStone_Smooth.uasset" 326
"../../../Engine/Content/EditorMeshes/ColorCalibrator/T_ColorGrid.uasset" 327
"../../../Shooter/Content/StarterContent/Materials/M_ColorGrid_LowSpec.uasset" 328
"../../../Shooter/Content/StarterContent/Textures/T_Metal_Rust_N.uasset" 329
"../../../Shooter/Content/StarterContent/Materials/M_Concrete_Grime.uasset" 330
"../../../Shooter/Content/StarterContent/Materials/M_Concrete_Panels.uasset" 331
"../../../Shooter/Content/StarterContent/Materials/M_Concrete_Poured.uasset" 332
"../../../Shooter/Content/StarterContent/Textures/T_Concrete_Tiles_D.uasset" 333
"../../../Shooter/Content/StarterContent/Textures/T_Concrete_Tiles_M.uasset" 334
"../../../Shooter/Content/StarterContent/Textures/T_Concrete_Tiles_N.uasset" 335
"../../../Shooter/Content/StarterContent/Textures/T_Concrete_Tiles_Variation_M.uasset" 336
"../../../Shooter/Content/StarterContent/Materials/M_Concrete_Tiles.uasset" 337
"../../../Shooter/Content/StarterContent/Materials/M_Ground_Grass.uasset" 338
"../../../Shooter/Content/StarterContent/Materials/M_Ground_Gravel.uasset" 339
"../../../Shooter/Content/StarterContent/Materials/M_Ground_Moss.uasset" 340
"../../../Shooter/Content/StarterContent/Materials/M_Metal_Brushed_Nickel.uasset" 341
"../../../Shooter/Content/StarterContent/Textures/T_Metal_Aluminum_D.uasset" 342
"../../../Shooter/Content/StarterContent/Textures/T_Metal_Gold_N.uasset" 343
"../../../Shooter/Content/StarterContent/Materials/M_Metal_Burnished_Steel.uasset" 344
"../../../Shooter/Content/StarterContent/Materials/M_Metal_Chrome.uasset" 345
"../../../Shooter/Content/StarterContent/Textures/T_Metal_Copper_D.uasset" 346
"../../../Shooter/Content/StarterContent/Materials/M_Metal_Copper.uasset" 347
"../../../Shooter/Content/StarterContent/Textures/T_Metal_Gold_D.uasset" 348
"../../../Shooter/Content/StarterContent/Materials/M_Metal_Gold.uasset" 349
"../../../Engine/Content/Functions/Engine_MaterialFunctions02/Utility/BlendAngleCorrectedNormals.uasset" 350
"../../../Shooter/Content/StarterContent/Textures/T_Metal_Rust_D.uasset" 351
"../../../Shooter/Content/StarterContent/Materials/M_Metal_Rust.uasset" 352
"../../../Shooter/Content/StarterContent/Textures/T_Metal_Steel_D.uasset" 353
"../../../Shooter/Content/StarterContent/Textures/T_Metal_Steel_N.uasset" 354
"../../../Shooter/Content/StarterContent/Materials/M_Metal_Steel.uasset" 355
"../../../Shooter/Content/StarterContent/Textures/T_Rock_Basalt_D.uasset" 356
"../../../Shooter/Content/StarterContent/Textures/T_Rock_Basalt_N.uasset" 357
"../../../Shooter/Content/StarterContent/Materials/M_Rock_Basalt.uasset" 358
"../../../Shooter/Content/StarterContent/Materials/M_Rock_Marble_Polished.uasset" 359
"../../../Shooter/Content/StarterContent/Materials/M_Rock_Sandstone.uasset" 360
"../../../Shooter/Content/StarterContent/Materials/M_Rock_Slate.uasset" 361
"../../../Shooter/Content/StarterContent/Textures/T_Checker_Noise_M.uasset" 362
"../../../Shooter/Content/StarterContent/Textures/T_Single_Tile_N.uasset" 363
"../../../Shooter/Content/StarterContent/Textures/T_Tech_Dot_M.uasset" 364
"../../../Shooter/Content/StarterContent/Textures/T_Tech_Dot_N.uasset" 365
"../../../Shooter/Content/StarterContent/Materials/M_Tech_Checker_Dot.uasset" 366
"../../../Shooter/Content/StarterContent/Textures/T_Tech_Hex_Tile_M.uasset" 367
"../../../Shooter/Content/StarterContent/Textures/T_Tech_Hex_Tile_N.uasset" 368
"../../../Shooter/Content/StarterContent/Materials/M_Tech_Hex_Tile.uasset" 369
"../../../Shooter/Content/StarterContent/Materials/M_Tech_Hex_Tile_Pulse.uasset" 370
"../../../Shooter/Content/StarterContent/Textures/T_Tech_Panel_M.uasset" 371
"../../../Shooter/Content/StarterContent/Textures/T_Tech_Panel_N.uasset" 372
"../../../Shooter/Content/StarterContent/Materials/M_Tech_Panel.uasset" 373
"../../../Shooter/Content/StarterContent/Textures/T_Water_M.uasset" 374
"../../../Shooter/Content/StarterContent/Materials/M_Water_Ocean.uasset" 375
"../../../Shooter/Content/StarterContent/Materials/M_Wood_Floor_Walnut_Polished.uasset" 376
"../../../Engine/Content/Functions/Engine_MaterialFunctions01/Opacity/AlphaOffset.uasset" 377
"../../../Shooter/Content/StarterContent/Materials/M_Wood_Floor_Walnut_Worn.uasset" 378
"../../../Shooter/Content/StarterContent/Materials/M_Wood_Oak.uasset" 379
"../../../Shooter/Content/StarterContent/Materials/M_Wood_Pine.uasset" 380
"../../../Shooter/Content/StarterContent/Materials/M_Wood_Walnut.uasset" 381
"../../../Shooter/Content/StarterContent/Textures/T_Dust_Particle_D.uasset" 382
"../../../Shooter/Content/StarterContent/Particles/Materials/M_Dust_Particle.uasset" 383
"../../../Shooter/Content/StarterContent/Particles/P_Ambient_Dust.uasset" 384
"../../../Shooter/Content/StarterContent/Props/MaterialSphere.uasset" 385
"../../../Shooter/Content/StarterContent/Textures/T_Bush_D.uasset" 386
"../../../Shooter/Content/StarterContent/Textures/T_Bush_N.uasset" 387
"../../../Shooter/Content/StarterContent/Props/Materials/M_Bush.uasset" 388
"../../../Shooter/Content/StarterContent/Props/SM_Bush.uasset" 389
"../../../Shooter/Content/StarterContent/Textures/T_Chair_M.uasset" 390
"../../../Shooter/Content/StarterContent/Textures/T_Chair_N.uasset" 391
"../../../Shooter/Content/StarterContent/Props/Materials/M_Chair.uasset" 392
"../../../Shooter/Content/StarterContent/Props/SM_Chair.uasset" 393
"../../../Shooter/Content/StarterContent/Textures/T_Frame_M.uasset" 394
"../../../Shooter/Content/StarterContent/Textures/T_Frame_N.uasset" 395
"../../../Shooter/Content/StarterContent/Props/Materials/M_Frame.uasset" 396
"../../../Shooter/Content/StarterContent/Props/SM_CornerFrame.uasset" 397
"../../../Shooter/Content/StarterContent/Props/SM_Couch.uasset" 398
"../../../Shooter/Content/StarterContent/Materials/M_Glass.uasset" 399
"../../../Shooter/Content/StarterContent/Textures/T_Door_M.uasset" 400
"../../../Shooter/Content/StarterContent/Textures/T_Door_N.uasset" 401
"../../../Shooter/Content/StarterContent/Props/Materials/M_Door.uasset" 402
"../../../Shooter/Content/StarterContent/Props/SM_Door.uasset" 403
"../../../Shooter/Content/StarterContent/Props/SM_DoorFrame.uasset" 404
"../../../Shooter/Content/StarterContent/Props/SM_GlassWindow.uasset" 405
"../../../Shooter/Content/StarterContent/Props/Materials/M_MaterialSphere.uasset" 406
"../../../Shooter/Content/StarterContent/Props/Materials/M_MaterialSphere_Plain.uasset" 407
"../../../Shooter/Content/StarterContent/Props/SM_MatPreviewMesh_02.uasset" 408
"../../../Shooter/Content/StarterContent/Props/SM_PillarFrame.uasset" 409
"../../../Shooter/Content/StarterContent/Props/SM_PillarFrame300.uasset" 410
"../../../Shooter/Content/StarterContent/Textures/T_RockMesh_M.uasset" 411
"../../../Shooter/Content/StarterContent/Textures/T_RockMesh_N.uasset" 412
"../../../Shooter/Content/StarterContent/Props/Materials/M_Rock.uasset" 413
"../../../Shooter/Content/StarterContent/Props/SM_Rock.uasset" 414
"../../../Shooter/Content/StarterContent/Textures/T_Shelf_M.uasset" 415
"../../../Shooter/Content/StarterContent/Textures/T_Shelf_N.uasset" 416
"../../../Shooter/Content/StarterContent/Props/Materials/M_Shelf.uasset" 417
"../../../Shooter/Content/StarterContent/Props/SM_Shelf.uasset" 418
"../../../Shooter/Content/StarterContent/Props/SM_Stairs.uasset" 419
"../../../Shooter/Content/StarterContent/Textures/T_TableRound_M.uasset" 420
"../../../Shooter/Content/StarterContent/Textures/T_TableRound_N.uasset" 421
"../../../Shooter/Content/StarterContent/Props/Materials/M_TableRound.uasset" 422
"../../../Shooter/Content/StarterContent/Props/SM_TableRound.uasset" 423
"../../../Shooter/Content/StarterContent/Props/SM_WindowFrame.uasset" 424
"../../../Shooter/Content/StarterContent/Shapes/Shape_Cone.uasset" 425
"../../../Shooter/Content/StarterContent/Shapes/Shape_Cube.uasset" 426
"../../../Shooter/Content/StarterContent/Shapes/Shape_Cylinder.uasset" 427
"../../../Shooter/Content/StarterContent/Shapes/Shape_NarrowCapsule.uasset" 428
"../../../Shooter/Content/StarterContent/Shapes/Shape_Pipe.uasset" 429
"../../../Shooter/Content/StarterContent/Shapes/Shape_Pipe_180.uasset" 430
"../../../Shooter/Content/StarterContent/Shapes/Shape_Pipe_90.uasset" 431
"../../../Shooter/Content/StarterContent/Shapes/Shape_Plane.uasset" 432
"../../../Shooter/Content/StarterContent/Shapes/Shape_QuadPyramid.uasset" 433
"../../../Shooter/Content/StarterContent/Shapes/Shape_Sphere.uasset" 434
"../../../Shooter/Content/StarterContent/Shapes/Shape_Torus.uasset" 435
"../../../Shooter/Content/StarterContent/Shapes/Shape_Trim.uasset" 436
"../../../Shooter/Content/StarterContent/Shapes/Shape_Trim_90_In.uasset" 437
"../../../Shooter/Content/StarterContent/Shapes/Shape_Trim_90_Out.uasset" 438
"../../../Shooter/Content/StarterContent/Shapes/Shape_TriPyramid.uasset" 439
"../../../Shooter/Content/StarterContent/Shapes/Shape_Tube.uasset" 440
"../../../Shooter/Content/StarterContent/Shapes/Shape_Wedge_A.uasset" 441
"../../../Shooter/Content/StarterContent/Shapes/Shape_Wedge_B.uasset" 442
"../../../Shooter/Content/StarterContent/Shapes/Shape_WideCapsule.uasset" 443
"../../../Shooter/Content/ThirdPersonBP/Blueprints/bulletComponent/bulletHole.uasset" 444
"../../../Shooter/Content/ThirdPersonBP/Blueprints/bulletComponent/bulletHoleMat.uasset" 445
"../../../Shooter/Content/ThirdPersonBP/Blueprints/bullethole_decal.uasset" 446
"../../../Shooter/Content/ThirdPersonBP/Blueprints/behaviourComponent/test.uasset" 447
"../../../Shooter/Content/ThirdPersonBP/Blueprints/behaviourComponent/updateHealt.uasset" 448
"../../../Shooter/Content/ThirdPersonBP/Blueprints/behaviourComponent/updateHealt_2.uasset" 449
"../../../Engine/Plugins/2D/Paper2D/Content/DummySprite.uasset" 450
"../../../Engine/Plugins/2D/Paper2D/Content/DefaultPaperTerrainMaterial.uasset" 451
"../../../Engine/Plugins/2D/Paper2D/Content/DefaultSpriteMaterial.uasset" 452
"../../../Engine/Plugins/2D/Paper2D/Content/MaskedUnlitSpriteMaterial.uasset" 453
"../../../Engine/Plugins/2D/Paper2D/Content/OpaqueUnlitSpriteMaterial.uasset" 454
"../../../Engine/Plugins/2D/Paper2D/Content/PlaceholderTextures/DummySpriteTexture.uasset" 455
"../../../Engine/Content/EditorBlueprintResources/StandardMacros.uasset" 456
"../../../Engine/Content/EngineSky/C_Sky_Cloud_Color.uasset" 457
"../../../Engine/Content/EngineSky/C_Sky_Horizon_Color.uasset" 458
"../../../Engine/Content/EngineSky/C_Sky_Zenith_Color.uasset" 459
"../../../Engine/Content/EngineSky/T_Sky_Blue.uasset" 460
"../../../Engine/Content/EngineSky/T_Sky_Clouds_M.uasset" 461
"../../../Engine/Content/EngineSky/T_Sky_Stars.uasset" 462
"../../../Engine/Content/EngineSky/M_Sky_Panning_Clouds2.uasset" 463
"../../../Engine/Content/EngineSky/SM_SkySphere.uasset" 464
"../../../Engine/Content/EngineSky/BP_Sky_Sphere.uasset" 465
"../../../Shooter/Content/FirstPerson/Audio/hud.uasset" 466
"../../../Shooter/Content/FirstPerson/Audio/pawn.uasset" 467
"../../../Shooter/Content/FirstPerson/Audio/PlayerControl.uasset" 468
"../../../Shooter/Content/FirstPerson/Audio/GameMode.uasset" 469
"../../../Shooter/Content/FirstPerson/Audio/edit_player.uasset" 470
"../../../Shooter/Content/FirstPerson/Audio/edit_player_Mat.uasset" 471
"../../../Shooter/Content/FirstPerson/Audio/exit2.uasset" 472
"../../../Shooter/Content/FirstPerson/Audio/exit_Mat2.uasset" 473
"../../../Shooter/Content/FirstPerson/Audio/load.uasset" 474
"../../../Shooter/Content/FirstPerson/Audio/load_Mat.uasset" 475
"../../../Shooter/Content/FirstPerson/Audio/nappi.uasset" 476
"../../../Shooter/Content/FirstPerson/Audio/play_Mat.uasset" 477
"../../../Shooter/Content/FirstPerson/Audio/save.uasset" 478
"../../../Shooter/Content/FirstPerson/Audio/save_Mat.uasset" 479
"../../../Shooter/Content/FirstPerson/Audio/Menu.uasset" 480
"../../../Engine/Content/MapTemplates/Materials/BasicAsset02.uasset" 481
"../../../Engine/Content/BasicShapes/Cone.uasset" 482
"../../../Shooter/Content/FirstPersonBP/Blueprints/tuli.uasset" 483
"../../../Shooter/Content/FirstPersonBP/Maps/menuLevel_BuiltData.uasset" 484
"../../../Shooter/Content/FirstPerson/Audio/pallo.uasset" 485
"../../../Shooter/Content/FirstPerson/Audio/pallo_Mat.uasset" 486
"../../../Shooter/Content/Geometry/Meshes/TemplateFloor.uasset" 487
"../../../Shooter/Content/FirstPersonBP/Maps/menuLevel.umap" 488
"../../../Shooter/Content/models/Mannequin/Character/Mesh/UE4_Mannequin_Skeleton.uasset" 489
"../../../Shooter/Content/models/Mannequin/Animations/ThirdPersonIdle.uasset" 490
"../../../Shooter/Content/ThirdPersonBP/Blueprints/EnemyComponent/enemyBlackBoard.uasset" 491
"../../../Shooter/Content/ThirdPersonBP/Blueprints/behaviourComponent/enemyDeath.uasset" 492
"../../../Shooter/Content/ThirdPersonBP/Blueprints/behaviourComponent/states.uasset" 493
"../../../Shooter/Content/ThirdPersonBP/Blueprints/behaviourComponent/findplayerService.uasset" 494
"../../../Shooter/Content/ThirdPersonBP/Blueprints/behaviourComponent/LookAt.uasset" 495
"../../../Shooter/Content/ThirdPersonBP/Blueprints/behaviourComponent/PlayerLocation.uasset" 496
"../../../Shooter/Content/ThirdPersonBP/Blueprints/behaviourComponent/ReloadWeapon.uasset" 497
"../../../Shooter/Content/models/Mannequin/Animations/ThirdPerson_Jump.uasset" 498
"../../../Shooter/Content/models/Mannequin/Animations/ThirdPersonJump_Loop.uasset" 499
"../../../Shooter/Content/models/Mannequin/Animations/ThirdPersonJump_Start.uasset" 500
"../../../Shooter/Content/models/Mannequin/Animations/ThirdPersonRun.uasset" 501
"../../../Shooter/Content/models/Mannequin/Animations/ThirdPersonWalk.uasset" 502
"../../../Shooter/Content/models/Mannequin/Animations/ThirdPerson_IdleRun_2D.uasset" 503
"../../../Shooter/Content/models/Mannequin/Animations/ThirdPerson_AnimBP.uasset" 504
"../../../Shooter/Content/blueprints/EnemyAi/basicEnemy.uasset" 505
"../../../Engine/Content/BasicShapes/Sphere.uasset" 506
"../../../Shooter/Content/ThirdPersonBP/Blueprints/bulletComponent/bullet.uasset" 507
"../../../Shooter/Content/ThirdPersonBP/Blueprints/playerComponent/Hud.uasset" 508
"../../../Engine/Content/Functions/MaterialLayerFunctions/MatLayerBlend_NormalBlend.uasset" 509
"../../../Engine/Content/Functions/MaterialLayerFunctions/MatLayerBlend_Simple.uasset" 510
"../../../Shooter/Content/models/Mannequin/Character/Materials/MaterialLayers/T_ML_Rubber_Blue_01_D.uasset" 511
"../../../Shooter/Content/models/Mannequin/Character/Materials/MaterialLayers/T_ML_Rubber_Blue_01_N.uasset" 512
"../../../Shooter/Content/models/Mannequin/Character/Materials/MaterialLayers/ML_GlossyBlack_Latex_UE4.uasset" 513
"../../../Shooter/Content/models/Mannequin/Character/Materials/MaterialLayers/ML_Plastic_Shiny_Beige.uasset" 514
"../../../Shooter/Content/models/Mannequin/Character/Textures/UE4_LOGO_CARD.uasset" 515
"../../../Shooter/Content/models/Mannequin/Character/Materials/MaterialLayers/ML_Plastic_Shiny_Beige_LOGO.uasset" 516
"../../../Shooter/Content/models/Mannequin/Character/Materials/MaterialLayers/T_ML_Aluminum01.uasset" 517
"../../../Shooter/Content/models/Mannequin/Character/Materials/MaterialLayers/T_ML_Aluminum01_N.uasset" 518
"../../../Shooter/Content/models/Mannequin/Character/Materials/MaterialLayers/ML_SoftMetal_UE4.uasset" 519
"../../../Shooter/Content/models/Mannequin/Character/Textures/UE4_Mannequin__normals.uasset" 520
"../../../Shooter/Content/models/Mannequin/Character/Textures/UE4_Mannequin_MAT_MASKA.uasset" 521
"../../../Shooter/Content/models/Mannequin/Character/Materials/M_UE4Man_Body.uasset" 522
"../../../Shooter/Content/models/Mannequin/Character/Textures/UE4Man_Logo_N.uasset" 523
"../../../Shooter/Content/models/Mannequin/Character/Materials/M_UE4Man_ChestLogo.uasset" 524
"../../../Shooter/Content/models/Mannequin/Character/Mesh/SK_Mannequin_PhysicsAsset.uasset" 525
"../../../Shooter/Content/models/Mannequin/Character/Mesh/SK_Mannequin.uasset" 526
"../../../Shooter/Content/ThirdPersonBP/Blueprints/playerComponent/Player.uasset" 527
"../../../Shooter/Content/blueprints/MainPlayer/MainPlayerController.uasset" 528
"../../../Shooter/Content/models/MainPlayer/skin.uasset" 529
"../../../Shooter/Content/models/MainPlayer/character_Skeleton.uasset" 530
"../../../Shooter/Content/models/MainPlayer/character.uasset" 531
"../../../Shooter/Content/ThirdPersonBP/Blueprints/playerComponent/pauseMenu.uasset" 532
"../../../Shooter/Content/blueprints/MainPlayer/MainPlayerCharacter.uasset" 533
"../../../Shooter/Content/ThirdPersonBP/Blueprints/EnemyComponent/editorEnemyHud.uasset" 534
"../../../Shooter/Content/ThirdPersonBP/Blueprints/EnemyComponent/enemy.uasset" 535
"../../../Shooter/Content/ThirdPersonBP/Blueprints/behaviourComponent/Shoot.uasset" 536
"../../../Shooter/Content/ThirdPersonBP/Blueprints/behaviourComponent/UpdateDistance.uasset" 537
"../../../Shooter/Content/ThirdPersonBP/Blueprints/EnemyComponent/EnemyBehaivior.uasset" 538
"../../../Shooter/Content/ThirdPersonBP/Blueprints/EnemyComponent/enemyController.uasset" 539
"../../../Shooter/Content/ThirdPersonBP/Blueprints/enemyTypes.uasset" 540
"../../../Shooter/Content/blueprints/EnemyAi/abstractEnemy.uasset" 541
"../../../Shooter/Content/DecalActor_Blueprint.uasset" 542
"../../../Shooter/Content/blueprints/Decoration/EndPoint.uasset" 543
"../../../Shooter/Content/MainGame.uasset" 544
"../../../Shooter/Content/levels/debugMap_BuiltData.uasset" 545
"../../../Engine/Content/MapTemplates/SM_Template_Map_Floor.uasset" 546
"../../../Shooter/Content/levels/debugMap.umap" 547
"../../../Shooter/Content/FirstPerson/Audio/edit_menu.uasset" 548
"../../../Shooter/Content/levels/edit_player-level_BuiltData.uasset" 549
"../../../Shooter/Content/player_appearance.uasset" 550
"../../../Shooter/Content/player_appearance_Mat.uasset" 551
"../../../Shooter/Content/StarterContent/Materials/M_Water_Lake.uasset" 552
"../../../Shooter/Content/levels/edit_player-level.umap" 553
"../../../Shooter/Content/levels/startGame-level.umap" 554
"../../../Shooter/Content/levels/tutoriallvl_BuiltData.uasset" 555
"../../../Shooter/Content/levels/tutoriallvl.umap" 556
"../../../Shooter/Content/StarterContent/Blueprints/Assets/FogBrightnessLUT.uasset" 557
"../../../Shooter/Content/StarterContent/Blueprints/Assets/SunlightColorLUT.uasset" 558
"../../../Shooter/Content/StarterContent/Blueprints/Assets/M_LightStage_Arrows.uasset" 559
"../../../Engine/Content/MapTemplates/Sky/DaylightAmbientCubemap.uasset" 560
"../../../Shooter/Content/StarterContent/Blueprints/Assets/M_LightStage_Skybox_Master.uasset" 561
"../../../Shooter/Content/StarterContent/Blueprints/Assets/M_LightStage_Skybox_Black.uasset" 562
"../../../Shooter/Content/StarterContent/Blueprints/Assets/M_LightStage_Skybox_HDRI.uasset" 563
"../../../Engine/Content/EditorMaterials/Thumbnails/SkySphereMaterial.uasset" 564
"../../../Shooter/Content/StarterContent/Blueprints/Assets/Skybox.uasset" 565
"../../../Shooter/Content/StarterContent/Blueprints/Assets/SM_Arrows.uasset" 566
"../../../Shooter/Content/StarterContent/Blueprints/BP_LightStudio.uasset" 567
"../../../Shooter/Content/StarterContent/Maps/Advanced_Lighting_BuiltData.uasset" 568
"../../../Shooter/Content/StarterContent/Materials/M_AssetPlatform.uasset" 569
"../../../Engine/Content/EditorMeshes/ColorCalibrator/M_ChromeBall.uasset" 570
"../../../Engine/Content/EditorMeshes/ColorCalibrator/M_ClearCoat.uasset" 571
"../../../Engine/Content/EditorMeshes/ColorCalibrator/M_ClearCoatBlack.uasset" 572
"../../../Engine/Content/EditorMeshes/ColorCalibrator/M_ColorGrid.uasset" 573
"../../../Engine/Content/EditorMeshes/ColorCalibrator/M_GreyBall.uasset" 574
"../../../Engine/Content/EditorMeshes/ColorCalibrator/SM_ColorCalibrator.uasset" 575
"../../../Shooter/Content/StarterContent/Architecture/SM_AssetPlatform.uasset" 576
"../../../Shooter/Content/StarterContent/Maps/Advanced_Lighting.umap" 577
"../../../Shooter/Content/FirstPerson/Character/Mesh/SK_Mannequin_Arms_Skeleton.uasset" 578
"../../../Shooter/Content/FirstPerson/Animations/FirstPerson_Idle.uasset" 579
"../../../Shooter/Content/FirstPerson/Animations/FirstPerson_JumpEnd.uasset" 580
"../../../Shooter/Content/FirstPerson/Animations/FirstPerson_JumpLoop.uasset" 581
"../../../Shooter/Content/FirstPerson/Animations/FirstPerson_JumpStart.uasset" 582
"../../../Shooter/Content/FirstPerson/Animations/FirstPerson_Run.uasset" 583
"../../../Shooter/Content/FirstPerson/Animations/FirstPerson_AnimBP.uasset" 584
"../../../Shooter/Content/FirstPerson/Animations/FirstPerson_Fire.uasset" 585
"../../../Shooter/Content/FirstPerson/Animations/FirstPersonFire_Montage.uasset" 586
"../../../Shooter/Content/FirstPerson/Audio/OmaSave.uasset" 587
"../../../Shooter/Content/FirstPerson/Meshes/BaseMaterial.uasset" 588
"../../../Shooter/Content/FirstPerson/Meshes/FirstPersonProjectileMaterial.uasset" 589
"../../../Shooter/Content/FirstPerson/Meshes/FirstPersonProjectileMesh.uasset" 590
"../../../Shooter/Content/FirstPersonBP/Blueprints/FirstPersonProjectile.uasset" 591
"../../../Shooter/Content/FirstPerson/Audio/FirstPersonTemplateWeaponFire02.uasset" 592
"../../../Shooter/Content/FirstPerson/Character/Materials/MaterialLayers/T_ML_Rubber_Blue_01_D.uasset" 593
"../../../Shooter/Content/FirstPerson/Character/Materials/MaterialLayers/T_ML_Rubber_Blue_01_N.uasset" 594
"../../../Shooter/Content/FirstPerson/Character/Materials/MaterialLayers/ML_GlossyBlack_Latex_UE4.uasset" 595
"../../../Shooter/Content/FirstPerson/Character/Materials/MaterialLayers/ML_Plastic_Shiny_Beige.uasset" 596
"../../../Shooter/Content/FirstPerson/Character/Materials/MaterialLayers/ML_Plastic_Shiny_Beige_LOGO.uasset" 597
"../../../Shooter/Content/FirstPerson/Character/Materials/MaterialLayers/T_ML_Aluminum01.uasset" 598
"../../../Shooter/Content/FirstPerson/Character/Materials/MaterialLayers/T_ML_Aluminum01_N.uasset" 599
"../../../Shooter/Content/FirstPerson/Character/Materials/MaterialLayers/ML_SoftMetal_UE4.uasset" 600
"../../../Shooter/Content/FirstPerson/Character/Textures/UE4_Mannequin__normals.uasset" 601
"../../../Shooter/Content/FirstPerson/Character/Textures/UE4_Mannequin_MAT_MASKA.uasset" 602
"../../../Shooter/Content/FirstPerson/Character/Materials/M_UE4Man_Body.uasset" 603
"../../../Shooter/Content/FirstPerson/Character/Mesh/SK_Mannequin_Arms_PhysicsAsset.uasset" 604
"../../../Shooter/Content/FirstPerson/Character/Mesh/SK_Mannequin_Arms.uasset" 605
"../../../Shooter/Content/FirstPerson/FPWeapon/Materials/MaterialLayers/T_ML_Rubber_Blue_01_D.uasset" 606
"../../../Shooter/Content/FirstPerson/FPWeapon/Materials/MaterialLayers/T_ML_Rubber_Blue_01_N.uasset" 607
"../../../Shooter/Content/FirstPerson/FPWeapon/Materials/MaterialLayers/ML_GlossyBlack_Latex_UE4.uasset" 608
"../../../Shooter/Content/FirstPerson/FPWeapon/Materials/MaterialLayers/ML_Plastic_Shiny_Beige.uasset" 609
"../../../Shooter/Content/FirstPerson/FPWeapon/Materials/MaterialLayers/ML_Screen.uasset" 610
"../../../Shooter/Content/FirstPerson/FPWeapon/Materials/MaterialLayers/T_ML_Aluminum01.uasset" 611
"../../../Shooter/Content/FirstPerson/FPWeapon/Materials/MaterialLayers/T_ML_Aluminum01_N.uasset" 612
"../../../Shooter/Content/FirstPerson/FPWeapon/Materials/MaterialLayers/ML_SoftMetal_UE4.uasset" 613
"../../../Shooter/Content/FirstPerson/FPWeapon/Textures/T_FPGun_M.uasset" 614
"../../../Shooter/Content/FirstPerson/FPWeapon/Textures/T_FPGun_N.uasset" 615
"../../../Shooter/Content/FirstPerson/FPWeapon/Materials/M_FPGun.uasset" 616
"../../../Shooter/Content/FirstPerson/FPWeapon/Mesh/SK_FPGun_Skeleton.uasset" 617
"../../../Shooter/Content/FirstPerson/FPWeapon/Mesh/SK_FPGun.uasset" 618
"../../../Shooter/Content/FirstPersonBP/Blueprints/FirstPersonCharacter.uasset" 619
"../../../Shooter/Content/FirstPerson/Audio/Banana_Texture.uasset" 620
"../../../Shooter/Content/FirstPerson/Audio/BananaMaterial.uasset" 621
"../../../Shooter/Content/FirstPerson/Audio/banaanModel.uasset" 622
"../../../Shooter/Content/FirstPerson/Audio/BananaBlueprint.uasset" 623
"../../../Shooter/Content/FirstPerson/Textures/FirstPersonCrosshair.uasset" 624
"../../../Shooter/Content/FirstPersonBP/Blueprints/FirstPersonHUD.uasset" 625
"../../../Shooter/Content/FirstPersonBP/Blueprints/FirstPersonGameMode.uasset" 626
"../../../Shooter/Content/FirstPerson/Audio/lambert1.uasset" 627
"../../../Shooter/Content/FirstPerson/Audio/Banana_Model.uasset" 628
"../../../Shooter/Content/FirstPerson/Audio/Banana_Model_DM.uasset" 629
"../../../Shooter/Content/FirstPersonBP/Maps/FirstPersonExampleMap_BuiltData.uasset" 630
"../../../Engine/Content/Functions/Engine_MaterialFunctions03/Procedurals/ComputeFilterWidth.uasset" 631
"../../../Engine/Content/EngineMaterials/AntiAliasedTextMaterialTranslucent.uasset" 632
"../../../Shooter/Content/FirstPerson/Audio/Banana_Texture_Mat.uasset" 633
"../../../Shooter/Content/FirstPerson/Audio/exit.uasset" 634
"../../../Shooter/Content/FirstPerson/Audio/exit_Mat.uasset" 635
"../../../Shooter/Content/FirstPerson/Audio/passmark-optiplex+hd5570.uasset" 636
"../../../Shooter/Content/FirstPerson/Audio/passmark-optiplex+hd5570_Mat.uasset" 637
"../../../Shooter/Content/FirstPerson/Audio/ukko.uasset" 638
"../../../Shooter/Content/FirstPerson/Audio/ukko_Mat.uasset" 639
"../../../Shooter/Content/FirstPerson/Meshes/CubeMaterialOverride.uasset" 640
"../../../Engine/Content/EngineMaterials/DefaultPhysicalMaterial.uasset" 641
"../../../Shooter/Content/Geometry/Meshes/1M_Cube.uasset" 642
"../../../Shooter/Content/FirstPersonBP/Maps/FirstPersonExampleMap.umap" 643
