Log file open, 05/26/17 20:16:44
LogInit:Display: Running engine for game: Shooter
LogPlatformFile: Not using cached read wrapper
LogInit:Display: RandInit(-897892786) SRandInit(-897892786).
LogTaskGraph: Started task graph with 5 named threads and 8 total threads with 1 sets of task threads.
LogStats: Stats thread started at 0.082029
LogInit: Using libcurl 7.47.1
LogInit:  - built for x86_64-pc-win32
LogInit:  - supports SSL with OpenSSL/1.0.2g
LogInit:  - supports HTTP deflate (compression) using libz 1.2.8
LogInit:  - other features:
LogInit:      CURL_VERSION_SSL
LogInit:      CURL_VERSION_LIBZ
LogInit:      CURL_VERSION_IPV6
LogInit:      CURL_VERSION_ASYNCHDNS
LogInit:      CURL_VERSION_LARGEFILE
LogInit:      CURL_VERSION_IDN
LogInit:  CurlRequestOptions (configurable via config and command line):
LogInit:  - bVerifyPeer = false  - Libcurl will NOT verify peer certificate
LogInit:  - bUseHttpProxy = false  - Libcurl will NOT use HTTP proxy
LogInit:  - bDontReuseConnections = false  - Libcurl will reuse connections
LogInit:  - CertBundlePath = nullptr  - Libcurl will use whatever was configured at build time.
LogInit: Build: ++UE4+Release-4.15-CL-3299760
LogInit: Engine Version: 4.15.0-3299760+++UE4+Release-4.15
LogInit: Compatible Engine Version: 4.15.0-3299760+++UE4+Release-4.15
LogInit: Net CL: 3299760
LogDevObjectVersion: Number of dev versions registered: 14
LogDevObjectVersion:   Dev-Blueprints (B0D832E4-1F89-4F0D-ACCF-7EB736FD4AA2): 8
LogDevObjectVersion:   Dev-Build (E1C64328-A22C-4D53-A36C-8E866417BD8C): 0
LogDevObjectVersion:   Dev-Core (375EC13C-06E4-48FB-B500-84F0262A717E): 2
LogDevObjectVersion:   Dev-Editor (E4B068ED-F494-42E9-A231-DA0B2E46BB41): 14
LogDevObjectVersion:   Dev-Framework (CFFC743F-43B0-4480-9391-14DF171D2073): 22
LogDevObjectVersion:   Dev-Mobile (B02B49B5-BB20-44E9-A304-32B752E40360): 0
LogDevObjectVersion:   Dev-Networking (A4E4105C-59A1-49B5-A7C5-40C4547EDFEE): 0
LogDevObjectVersion:   Dev-Online (39C831C9-5AE6-47DC-9A44-9C173E1C8E7C): 0
LogDevObjectVersion:   Dev-Physics (78F01B33-EBEA-4F98-B9B4-84EACCB95AA2): 0
LogDevObjectVersion:   Dev-Platform (6631380F-2D4D-43E0-8009-CF276956A95A): 0
LogDevObjectVersion:   Dev-Rendering (12F88B9F-8875-4AFC-A67C-D90C383ABD29): 12
LogDevObjectVersion:   Dev-Sequencer (7B5AE74C-D270-4C10-A958-57980B212A5A): 3
LogDevObjectVersion:   Dev-VR (D7296918-1DD6-4BDD-9DE2-64A83CC13884): 0
LogDevObjectVersion:   Dev-LoadTimes (C2A15278-BFE7-4AFE-6C17-90FF531DF755): 1
LogInit: Compiled (64-bit): Feb 14 2017 02:04:14
LogInit: Compiled with Visual C++: 19.00.23026.00
LogInit: Build Configuration: Development
LogInit: Branch Name: ++UE4+Release-4.15
LogInit: Command line:  
LogInit: Base directory: E:/Epic Games/UE_4.15/Engine/Binaries/Win64/
LogInit: Installed Engine Build: 1
LogInit: Presizing for max 8388607 objects, including 0 objects not considered by GC, pre-allocating 0 bytes for permanent pool.
LogInit: Object subsystem initialized
[2017.05.26-17.16.46:237][  0]LogInit: Selected Device Profile: [Windows]
[2017.05.26-17.16.46:237][  0]LogInit: Applying CVar settings loaded from the selected device profile: [Windows]
[2017.05.26-17.16.46:314][  0]LogInit: Computer: DESKTOP-DDUFUS9
[2017.05.26-17.16.46:314][  0]LogInit: User: Vesada
[2017.05.26-17.16.46:314][  0]LogInit: CPU Page size=65536, Cores=4
[2017.05.26-17.16.46:314][  0]LogInit: High frequency timer resolution =3.020494 MHz
[2017.05.26-17.16.46:327][  0]LogMemory: Memory total: Physical=8.0GB (8GB approx)
[2017.05.26-17.16.46:327][  0]LogMemory: Platform Memory Stats for Windows
[2017.05.26-17.16.46:327][  0]LogMemory: Process Physical Memory: 262.75 MB used, 262.75 MB peak
[2017.05.26-17.16.46:327][  0]LogMemory: Process Virtual Memory: 262.17 MB used, 262.17 MB peak
[2017.05.26-17.16.46:327][  0]LogMemory: Physical Memory: 3259.15 MB used,  4889.89 MB free, 8149.05 MB total
[2017.05.26-17.16.46:327][  0]LogMemory: Virtual Memory: 629.29 MB used,  4889.89 MB free, 134217728.00 MB total
[2017.05.26-17.16.47:594][  0]LogTextLocalizationManager: No translations for ('fi-FI') exist, falling back to 'en' for localization and internationalization data.
[2017.05.26-17.16.49:145][  0]LogD3D11RHI: D3D11 adapters:
[2017.05.26-17.16.49:154][  0]LogD3D11RHI:    0. 'AMD Radeon HD 5570' (Feature Level 11_0)
[2017.05.26-17.16.49:154][  0]LogD3D11RHI:       1010/0/3840 MB DedicatedVideo/DedicatedSystem/SharedSystem, Outputs:1, VendorId:0x1002
[2017.05.26-17.16.49:156][  0]LogD3D11RHI:    1. 'Microsoft Basic Render Driver' (Feature Level 11_0)
[2017.05.26-17.16.49:156][  0]LogD3D11RHI:       0/0/4074 MB DedicatedVideo/DedicatedSystem/SharedSystem, Outputs:0, VendorId:0x1414
[2017.05.26-17.16.49:156][  0]LogD3D11RHI: Chosen D3D11 Adapter: 0
[2017.05.26-17.16.49:171][  0]LogD3D11RHI: Creating new Direct3DDevice
[2017.05.26-17.16.49:171][  0]LogD3D11RHI:     GPU DeviceId: 0x68d9 (for the marketing name, search the web for "GPU Device Id")
[2017.05.26-17.16.49:171][  0]LogWindows: EnumDisplayDevices:
[2017.05.26-17.16.49:171][  0]LogWindows:    0. 'AMD Radeon HD 5570' (P:1 D:1)
[2017.05.26-17.16.49:172][  0]LogWindows:    1. 'AMD Radeon HD 5570' (P:0 D:0)
[2017.05.26-17.16.49:172][  0]LogWindows: DebugString: FoundDriverCount:2 
[2017.05.26-17.16.49:172][  0]LogD3D11RHI:     Adapter Name: AMD Radeon HD 5570
[2017.05.26-17.16.49:172][  0]LogD3D11RHI:   Driver Version: Crimson 16.2.1 (internal:15.301.1901.0, unified:15.301.1901.0)
[2017.05.26-17.16.49:172][  0]LogD3D11RHI:      Driver Date: 2-26-2016
[2017.05.26-17.16.49:172][  0]LogRHI: Texture pool is 707 MB (70% of 1010 MB)
[2017.05.26-17.16.49:235][  0]LogD3D11RHI: AMD Pre GCN architecture detected, some driver workarounds will be in place
[2017.05.26-17.16.49:248][  0]LogD3D11RHI: Async texture creation enabled
[2017.05.26-17.16.49:511][  0]LogD3D11RHI: GPU Timing Frequency: 27.000000 (Debug: 2 1)
[2017.05.26-17.16.49:627][  0]LogShaderCompilers: Guid format shader working directory is -17 characters bigger than the processId version (../../../../../ue-resurssit/gp_valmis_2017_26_5/gameproject2017/Intermediate/Shaders/WorkingDirectory/11600/).
[2017.05.26-17.16.49:627][  0]LogShaderCompilers: Cleaned the shader compiler working directory 'C:/Users/Vesada/AppData/Local/Temp/UnrealShaderWorkingDir/589FADE4438BF6D590C458BB2AF3217C/'.
[2017.05.26-17.16.49:633][  0]LogShaderCompilers:Display: Using Local Shader Compiler.
[2017.05.26-17.16.52:957][  0]LogTemp:Display: Loaded TP AllDesktopTargetPlatform
[2017.05.26-17.16.53:035][  0]LogTemp:Display: Loaded TP MacClientTargetPlatform
[2017.05.26-17.16.53:113][  0]LogTemp:Display: Loaded TP MacNoEditorTargetPlatform
[2017.05.26-17.16.53:192][  0]LogTemp:Display: Loaded TP MacServerTargetPlatform
[2017.05.26-17.16.53:283][  0]LogTemp:Display: Loaded TP MacTargetPlatform
[2017.05.26-17.16.53:367][  0]LogTemp:Display: Loaded TP WindowsClientTargetPlatform
[2017.05.26-17.16.53:437][  0]LogTemp:Display: Loaded TP WindowsNoEditorTargetPlatform
[2017.05.26-17.16.53:510][  0]LogTemp:Display: Loaded TP WindowsServerTargetPlatform
[2017.05.26-17.16.53:577][  0]LogTemp:Display: Loaded TP WindowsTargetPlatform
[2017.05.26-17.16.53:669][  0]LogTemp:Display: Loaded TP AndroidTargetPlatform
[2017.05.26-17.16.53:749][  0]LogTemp:Display: Loaded TP Android_ASTCTargetPlatform
[2017.05.26-17.16.53:823][  0]LogTemp:Display: Loaded TP Android_ATCTargetPlatform
[2017.05.26-17.16.53:906][  0]LogTemp:Display: Loaded TP Android_DXTTargetPlatform
[2017.05.26-17.16.53:993][  0]LogTemp:Display: Loaded TP Android_ETC1TargetPlatform
[2017.05.26-17.16.54:071][  0]LogTemp:Display: Loaded TP Android_ETC2TargetPlatform
[2017.05.26-17.16.54:234][  0]LogTemp:Display: Loaded TP Android_MultiTargetPlatform
[2017.05.26-17.16.54:234][  0]LogTemp:Display: Loaded TP Android_PVRTCTargetPlatform
[2017.05.26-17.16.54:295][  0]LogTemp:Display: Loaded TP HTML5TargetPlatform
[2017.05.26-17.16.54:473][  0]LogTemp:Display: Loaded TP IOSTargetPlatform
[2017.05.26-17.16.54:514][  0]LogTemp:Display: Loaded TP TVOSTargetPlatform
[2017.05.26-17.16.54:594][  0]LogTemp:Display: Loaded TP LinuxClientTargetPlatform
[2017.05.26-17.16.54:677][  0]LogTemp:Display: Loaded TP LinuxNoEditorTargetPlatform
[2017.05.26-17.16.54:755][  0]LogTemp:Display: Loaded TP LinuxServerTargetPlatform
[2017.05.26-17.16.54:840][  0]LogTemp:Display: Loaded TP LinuxTargetPlatform
[2017.05.26-17.16.54:840][  0]LogTargetPlatformManager:Display: Building Assets For Windows
[2017.05.26-17.16.56:115][  0]LogDerivedDataCache:Display: Max Cache Size: 512 MB
[2017.05.26-17.16.56:380][  0]LogDerivedDataCache: Loaded boot cache 0.26s 50MB C:/Users/Vesada/AppData/Local/UnrealEngine/4.15/DerivedDataCache/Boot.ddc.
[2017.05.26-17.16.56:380][  0]LogDerivedDataCache:Display: Loaded Boot cache: C:/Users/Vesada/AppData/Local/UnrealEngine/4.15/DerivedDataCache/Boot.ddc
[2017.05.26-17.16.56:380][  0]LogDerivedDataCache: FDerivedDataBackendGraph:  Pak pak cache file ../../../../../ue-resurssit/gp_valmis_2017_26_5/gameproject2017/DerivedDataCache/DDC.ddp not found, will not use a pak cache.
[2017.05.26-17.16.56:380][  0]LogDerivedDataCache: Unable to find inner node Pak for hierarchical cache Hierarchy.
[2017.05.26-17.16.56:380][  0]LogDerivedDataCache: FDerivedDataBackendGraph:  CompressedPak pak cache file ../../../../../ue-resurssit/gp_valmis_2017_26_5/gameproject2017/DerivedDataCache/Compressed.ddp not found, will not use a pak cache.
[2017.05.26-17.16.56:380][  0]LogDerivedDataCache: Unable to find inner node CompressedPak for hierarchical cache Hierarchy.
[2017.05.26-17.16.56:435][  0]LogDerivedDataCache:Display: Pak cache opened for reading ../../../Engine/DerivedDataCache/Compressed.ddp.
[2017.05.26-17.16.56:455][  0]LogDerivedDataCache: Using Local data cache path C:/Users/Vesada/AppData/Local/UnrealEngine/Common/DerivedDataCache: Writable
[2017.05.26-17.16.56:718][  0]LogSlate: Using Freetype 2.6.0
[2017.05.26-17.16.56:804][  0]LogSlate: SlateFontCache - WITH_FREETYPE: 1, WITH_HARFBUZZ: 1
[2017.05.26-17.16.56:804][  0]LogSlate: SlateFontCache - WITH_FREETYPE: 1, WITH_HARFBUZZ: 1
[2017.05.26-17.17.04:501][  0]LogInit: Selected Device Profile: [Windows]
[2017.05.26-17.17.04:652][  0]LogContentStreaming: Texture pool size is 0.00 MB
[2017.05.26-17.17.05:639][  0]LogMeshUtilities: Using QuadricMeshReduction for automatic static mesh reduction
[2017.05.26-17.17.05:780][  0]LogSimplygon: Simplygon DLL not present - disabling.
[2017.05.26-17.17.05:883][  0]LogMeshUtilities: Using SimplygonSwarm for distributed automatic mesh merging
[2017.05.26-17.17.05:883][  0]LogMeshUtilities: No automatic skeletal mesh reduction module available
[2017.05.26-17.17.05:883][  0]LogMeshUtilities: No automatic mesh merging module available
[2017.05.26-17.17.11:825][  0]LogNetVersion: GetLocalNetworkVersion: CL: 3299760, ProjectName: shooter, ProjectVersion: , EngineNetworkVersion: 2, GameNetworkVersion: 0, NetworkChecksum: 1589670086
[2017.05.26-17.17.12:096][  0]LogAssetRegistry: FAssetRegistry took 0.0253 seconds to start up
[2017.05.26-17.17.12:274][  0]LogPackageLocalizationCache: Processed 3 localized package path(s) for 1 prioritized culture(s) in 0.079376 seconds
[2017.05.26-17.17.12:318][  0]LogUObjectArray: 32475 objects as part of root set at end of initial load.
[2017.05.26-17.17.12:318][  0]LogUObjectAllocator: 7073360 out of 0 bytes used by permanent object pool.
[2017.05.26-17.17.12:318][  0]LogUObjectArray: CloseDisregardForGC: 0/0 objects in disregard for GC pool
[2017.05.26-17.17.12:446][  0]LogInit: WinSock: version 1.1 (2.2), MaxSocks=32767, MaxUdp=65467
[2017.05.26-17.17.20:610][  0]LogTcpMessaging: Initializing TcpMessaging bridge
[2017.05.26-17.17.20:721][  0]LogUdpMessaging: Initializing bridge on interface 0.0.0.0:0 to multicast group 230.0.0.1:6666.
[2017.05.26-17.17.22:431][  0]LogMaterial: Uniform references updated for custom material expression Custom.
[2017.05.26-17.17.23:335][  0]SourceControl: Info Source control is disabled
[2017.05.26-17.17.23:543][  0]SourceControl: Info Source control is disabled
[2017.05.26-17.17.23:687][  0]SourceControl: Info Source control is disabled
[2017.05.26-17.17.23:821][  0]SourceControl: Info Source control is disabled
[2017.05.26-17.17.28:006][  0]LogEngine: Initializing Engine...
[2017.05.26-17.17.28:017][  0]LogHMD: Failed to initialize OpenVR with code 110
[2017.05.26-17.17.29:247][  0]LogAIModule: Creating AISystem for world Untitled
[2017.05.26-17.17.29:585][  0]LogInit: XAudio2 using 'Kaiuttimet (High Definition Audio -laite)' : 2 channels at 44.1 kHz using 16 bits per sample (channel mask 0x3)
[2017.05.26-17.17.29:652][  0]LogInit: FAudioDevice initialized.
[2017.05.26-17.17.29:695][  0]LogDerivedDataCache: Saved boot cache 0.04s 50MB C:/Users/Vesada/AppData/Local/UnrealEngine/4.15/DerivedDataCache/Boot.ddc.
[2017.05.26-17.17.29:703][  0]LogInit: Texture streaming: Enabled
[2017.05.26-17.17.29:945][  0]LogEngineSessionManager: EngineSessionManager initialized
[2017.05.26-17.17.30:268][  0]LogInit: Transaction tracking system initialized
[2017.05.26-17.17.31:055][  0]BlueprintLog: New page: Editor Load
[2017.05.26-17.17.33:807][  0]LocalizationService: Info Localization service is disabled
[2017.05.26-17.17.35:581][  0]LogConsoleResponse:Display: 
[2017.05.26-17.17.38:042][  0]LogFileCache: Scanning file cache for directory 'E:/ue-resurssit/gp_valmis_2017_26_5/gameproject2017/Content/' took 0.05s
[2017.05.26-17.17.38:042][  0]LogCook:Display: Max memory allowance for cook 16384mb min free memory 0mb
[2017.05.26-17.17.38:042][  0]LogCook:Display: Mobile HDR setting 1
[2017.05.26-17.17.41:036][  0]SourceControl: Info Source control is disabled
[2017.05.26-17.17.41:106][  0]Cmd: MAP LOAD FILE="../../../../../ue-resurssit/gp_valmis_2017_26_5/gameproject2017/Content/levels/startGame-level.umap" TEMPLATE=0 SHOWPROGRESS=1 FEATURELEVEL=3
[2017.05.26-17.17.41:146][  0]LightingResults: New page: Lighting Build
[2017.05.26-17.17.41:469][  0]MapCheck: New page: Map Check
[2017.05.26-17.17.41:469][  0]LightingResults: New page: Lighting Build
[2017.05.26-17.17.44:162][  0]LogAIModule: Creating AISystem for world startGame-level
[2017.05.26-17.17.45:187][  0]LogEditorServer: Finished looking for orphan Actors (0.000 secs)
[2017.05.26-17.17.45:250][  0]Cmd: MAP CHECKDEP NOCLEARLOG
[2017.05.26-17.17.45:407][  0]MapCheck: Info Map check complete: 0 Error(s), 0 Warning(s), took 153.666ms to complete.
[2017.05.26-17.17.45:410][  0]LogFileHelpers: Loading map 'startGame-level' took 4.336
[2017.05.26-17.17.47:643][  0]LogCollectionManager: Loaded 0 collections in 0.002122 seconds
[2017.05.26-17.17.47:884][  0]LogFileCache: Scanning file cache for directory 'E:/ue-resurssit/gp_valmis_2017_26_5/gameproject2017/Saved/Collections/' took 0.01s
[2017.05.26-17.17.47:884][  0]LogFileCache: Scanning file cache for directory 'E:/ue-resurssit/gp_valmis_2017_26_5/gameproject2017/Content/Developers/Vesada/Collections/' took 0.01s
[2017.05.26-17.17.47:884][  0]LogFileCache: Scanning file cache for directory 'E:/ue-resurssit/gp_valmis_2017_26_5/gameproject2017/Content/Collections/' took 0.01s
[2017.05.26-17.17.47:884][  0]LogCollectionManager: Rebuilt the GUID cache for 0 collections in 0.000003 seconds
[2017.05.26-17.17.47:958][  0]LogContentBrowser: Native class hierarchy populated in 0.0498 seconds. Added 2244 classes and 450 folders.
[2017.05.26-17.17.48:065][  0]LogStats: UGameplayTagsManager::ConstructGameplayTagTree: Construct from data asset -  0.000 s
[2017.05.26-17.17.48:065][  0]LogStats: UGameplayTagsManager::ConstructGameplayTagTree: GameplayTagTreeChangedEvent.Broadcast -  0.000 s
[2017.05.26-17.17.48:222][  0]LogContentBrowser: Native class hierarchy updated for 'WidgetCarousel' in 0.0073 seconds. Added 0 classes and 0 folders.
[2017.05.26-17.17.49:601][  0]LogContentBrowser: Native class hierarchy updated for 'AddContentDialog' in 0.0063 seconds. Added 0 classes and 0 folders.
[2017.05.26-17.17.49:745][  0]LogContentBrowser: Native class hierarchy updated for 'SceneOutliner' in 0.0066 seconds. Added 1 classes and 2 folders.
[2017.05.26-17.17.51:328][  0]LogCrashTracker: Crashtracker disabled due to settings.
[2017.05.26-17.17.51:628][  0]LogUObjectGlobals:Warning: Failed to find object 'Class None.'
[2017.05.26-17.17.51:860][  0]LogContentBrowser: Native class hierarchy updated for 'HierarchicalLODOutliner' in 0.0070 seconds. Added 1 classes and 2 folders.
[2017.05.26-17.17.51:860][  0]LogLoad: (Engine Initialization) Total time: 69.76 seconds
[2017.05.26-17.17.51:860][  0]LogLoad: (Engine Initialization) Total Blueprint compile time: 1.29 seconds
[2017.05.26-17.17.51:860][  0]LogExternalProfiler: Found external profiler: VSPerf
[2017.05.26-17.17.51:860][  0]LogExternalProfiler: Using external profiler: VSPerf
[2017.05.26-17.17.52:277][  0]LogOcInput: OculusInput pre-init called
[2017.05.26-17.17.52:966][  0]LogContentStreaming: Texture pool size now 800 MB
[2017.05.26-17.17.53:194][  0]LogSlate: Took 0.017187 seconds to synchronously load lazily loaded font '../../../Engine/Content/Slate/Fonts/Roboto-Regular.ttf' (155K)
[2017.05.26-17.17.53:209][  0]LogSlate: Took 0.001846 seconds to synchronously load lazily loaded font '../../../Engine/Content/Slate/Fonts/Roboto-Bold.ttf' (160K)
[2017.05.26-17.17.53:300][  0]LogSlate: Took 0.006358 seconds to synchronously load lazily loaded font '../../../Engine/Content/Editor/Slate/Fonts/FontAwesome.ttf' (139K)
[2017.05.26-17.17.54:203][  0]LogRenderer: Reallocating scene render targets to support 1040x576 NumSamples 1 (Frame:2).
[2017.05.26-17.17.54:203][  0]LogSlate: Took 0.026771 seconds to synchronously load lazily loaded font '../../../Engine/Content/Slate/Fonts/Roboto-Light.ttf' (159K)
[2017.05.26-17.17.56:172][  4]LogAssetRegistry: Asset discovery search completed in 44.0985 seconds
[2017.05.26-17.17.56:182][  4]LogCollectionManager: Rebuilt the object cache for 0 collections in 0.009305 seconds (found 0 objects)
[2017.05.26-17.17.56:182][  4]LogCollectionManager: Fixed up redirectors for 0 collections in 0.010494 seconds (updated 0 objects)
